This file contains any messages produced by compilers while
running configure, to aid debugging if configure makes a mistake.

It was created by mediainfo configure 20.09, which was
generated by GNU Autoconf 2.69.  Invocation command line was

  $ ./configure --enable-staticlibs --with-libcurl

## --------- ##
## Platform. ##
## --------- ##

hostname = ip-10-0-0-64.ec2.internal
uname -m = x86_64
uname -r = 5.10.118-111.515.amzn2.x86_64
uname -s = Linux
uname -v = #1 SMP Wed May 25 22:12:19 UTC 2022

/usr/bin/uname -p = x86_64
/bin/uname -X     = unknown

/bin/arch              = x86_64
/usr/bin/arch -k       = unknown
/usr/convex/getsysinfo = unknown
/usr/bin/hostinfo      = unknown
/bin/machine           = unknown
/usr/bin/oslevel       = unknown
/bin/universe          = unknown

PATH: /sbin
PATH: /bin
PATH: /usr/sbin
PATH: /usr/bin


## ----------- ##
## Core tests. ##
## ----------- ##

configure:2312: checking build system type
configure:2326: result: x86_64-unknown-linux-gnu
configure:2346: checking host system type
configure:2359: result: x86_64-unknown-linux-gnu
configure:2395: checking for a BSD-compatible install
configure:2463: result: /bin/install -c
configure:2474: checking whether build environment is sane
configure:2529: result: yes
configure:2680: checking for a thread-safe mkdir -p
configure:2719: result: /bin/mkdir -p
configure:2726: checking for gawk
configure:2742: found /bin/gawk
configure:2753: result: gawk
configure:2764: checking whether make sets $(MAKE)
configure:2786: result: yes
configure:2815: checking whether make supports nested variables
configure:2832: result: yes
configure:2967: checking for gcc
configure:2983: found /bin/gcc
configure:2994: result: gcc
configure:3223: checking for C compiler version
configure:3232: gcc --version >&5
gcc (GCC) 7.3.1 20180712 (Red Hat 7.3.1-15)
Copyright (C) 2017 Free Software Foundation, Inc.
This is free software; see the source for copying conditions.  There is NO
warranty; not even for MERCHANTABILITY or FITNESS FOR A PARTICULAR PURPOSE.

configure:3243: $? = 0
configure:3232: gcc -v >&5
Using built-in specs.
COLLECT_GCC=gcc
COLLECT_LTO_WRAPPER=/usr/libexec/gcc/x86_64-redhat-linux/7/lto-wrapper
Target: x86_64-redhat-linux
Configured with: ../configure --enable-bootstrap --enable-languages=c,c++,objc,obj-c++,fortran,ada,go,lto --prefix=/usr --mandir=/usr/share/man --infodir=/usr/share/info --with-bugurl=http://bugzilla.redhat.com/bugzilla --enable-shared --enable-threads=posix --enable-checking=release --enable-multilib --with-system-zlib --enable-__cxa_atexit --disable-libunwind-exceptions --enable-gnu-unique-object --enable-linker-build-id --with-gcc-major-version-only --with-linker-hash-style=gnu --enable-plugin --enable-initfini-array --with-isl --enable-libmpx --enable-libsanitizer --enable-gnu-indirect-function --enable-libcilkrts --enable-libatomic --enable-libquadmath --enable-libitm --with-tune=generic --with-arch_32=x86-64 --build=x86_64-redhat-linux
Thread model: posix
gcc version 7.3.1 20180712 (Red Hat 7.3.1-15) (GCC) 
configure:3243: $? = 0
configure:3232: gcc -V >&5
gcc: error: unrecognized command line option '-V'
gcc: fatal error: no input files
compilation terminated.
configure:3243: $? = 1
configure:3232: gcc -qversion >&5
gcc: error: unrecognized command line option '-qversion'; did you mean '--version'?
gcc: fatal error: no input files
compilation terminated.
configure:3243: $? = 1
configure:3263: checking whether the C compiler works
configure:3285: gcc    conftest.c  >&5
configure:3289: $? = 0
configure:3337: result: yes
configure:3340: checking for C compiler default output file name
configure:3342: result: a.out
configure:3348: checking for suffix of executables
configure:3355: gcc -o conftest    conftest.c  >&5
configure:3359: $? = 0
configure:3381: result: 
configure:3403: checking whether we are cross compiling
configure:3411: gcc -o conftest    conftest.c  >&5
configure:3415: $? = 0
configure:3422: ./conftest
configure:3426: $? = 0
configure:3441: result: no
configure:3446: checking for suffix of object files
configure:3468: gcc -c   conftest.c >&5
configure:3472: $? = 0
configure:3493: result: o
configure:3497: checking whether we are using the GNU C compiler
configure:3516: gcc -c   conftest.c >&5
configure:3516: $? = 0
configure:3525: result: yes
configure:3534: checking whether gcc accepts -g
configure:3554: gcc -c -g  conftest.c >&5
configure:3554: $? = 0
configure:3595: result: yes
configure:3612: checking for gcc option to accept ISO C89
configure:3675: gcc  -c   conftest.c >&5
configure:3675: $? = 0
configure:3688: result: none needed
configure:3719: checking for style of include used by make
configure:3747: result: GNU
configure:3773: checking dependency style of gcc
configure:3884: result: gcc3
configure:3957: checking for g++
configure:3973: found /bin/g++
configure:3984: result: g++
configure:4011: checking for C++ compiler version
configure:4020: g++ --version >&5
g++ (GCC) 7.3.1 20180712 (Red Hat 7.3.1-15)
Copyright (C) 2017 Free Software Foundation, Inc.
This is free software; see the source for copying conditions.  There is NO
warranty; not even for MERCHANTABILITY or FITNESS FOR A PARTICULAR PURPOSE.

configure:4031: $? = 0
configure:4020: g++ -v >&5
Using built-in specs.
COLLECT_GCC=g++
COLLECT_LTO_WRAPPER=/usr/libexec/gcc/x86_64-redhat-linux/7/lto-wrapper
Target: x86_64-redhat-linux
Configured with: ../configure --enable-bootstrap --enable-languages=c,c++,objc,obj-c++,fortran,ada,go,lto --prefix=/usr --mandir=/usr/share/man --infodir=/usr/share/info --with-bugurl=http://bugzilla.redhat.com/bugzilla --enable-shared --enable-threads=posix --enable-checking=release --enable-multilib --with-system-zlib --enable-__cxa_atexit --disable-libunwind-exceptions --enable-gnu-unique-object --enable-linker-build-id --with-gcc-major-version-only --with-linker-hash-style=gnu --enable-plugin --enable-initfini-array --with-isl --enable-libmpx --enable-libsanitizer --enable-gnu-indirect-function --enable-libcilkrts --enable-libatomic --enable-libquadmath --enable-libitm --with-tune=generic --with-arch_32=x86-64 --build=x86_64-redhat-linux
Thread model: posix
gcc version 7.3.1 20180712 (Red Hat 7.3.1-15) (GCC) 
configure:4031: $? = 0
configure:4020: g++ -V >&5
g++: error: unrecognized command line option '-V'
g++: fatal error: no input files
compilation terminated.
configure:4031: $? = 1
configure:4020: g++ -qversion >&5
g++: error: unrecognized command line option '-qversion'; did you mean '--version'?
g++: fatal error: no input files
compilation terminated.
configure:4031: $? = 1
configure:4035: checking whether we are using the GNU C++ compiler
configure:4054: g++ -c   conftest.cpp >&5
configure:4054: $? = 0
configure:4063: result: yes
configure:4072: checking whether g++ accepts -g
configure:4092: g++ -c -g  conftest.cpp >&5
configure:4092: $? = 0
configure:4133: result: yes
configure:4158: checking dependency style of g++
configure:4269: result: gcc3
configure:4330: checking how to print strings
configure:4357: result: printf
configure:4378: checking for a sed that does not truncate output
configure:4442: result: /bin/sed
configure:4460: checking for grep that handles long lines and -e
configure:4518: result: /bin/grep
configure:4523: checking for egrep
configure:4585: result: /bin/grep -E
configure:4590: checking for fgrep
configure:4652: result: /bin/grep -F
configure:4687: checking for ld used by gcc
configure:4754: result: /bin/ld
configure:4761: checking if the linker (/bin/ld) is GNU ld
configure:4776: result: yes
configure:4788: checking for BSD- or MS-compatible name lister (nm)
configure:4837: result: /bin/nm -B
configure:4967: checking the name lister (/bin/nm -B) interface
configure:4974: gcc -c   conftest.c >&5
configure:4977: /bin/nm -B "conftest.o"
configure:4980: output
0000000000000000 B some_variable
configure:4987: result: BSD nm
configure:4990: checking whether ln -s works
configure:4994: result: yes
configure:5002: checking the maximum length of command line arguments
configure:5132: result: 1572864
configure:5149: checking whether the shell understands some XSI constructs
configure:5159: result: yes
configure:5163: checking whether the shell understands "+="
configure:5169: result: yes
configure:5204: checking how to convert x86_64-unknown-linux-gnu file names to x86_64-unknown-linux-gnu format
configure:5244: result: func_convert_file_noop
configure:5251: checking how to convert x86_64-unknown-linux-gnu file names to toolchain format
configure:5271: result: func_convert_file_noop
configure:5278: checking for /bin/ld option to reload object files
configure:5285: result: -r
configure:5359: checking for objdump
configure:5375: found /bin/objdump
configure:5386: result: objdump
configure:5418: checking how to recognize dependent libraries
configure:5620: result: pass_all
configure:5705: checking for dlltool
configure:5735: result: no
configure:5765: checking how to associate runtime and link libraries
configure:5792: result: printf %s\n
configure:5853: checking for ar
configure:5869: found /bin/ar
configure:5880: result: ar
configure:5917: checking for archiver @FILE support
configure:5934: gcc -c   conftest.c >&5
configure:5934: $? = 0
configure:5937: ar cru libconftest.a @conftest.lst >&5
configure:5940: $? = 0
configure:5945: ar cru libconftest.a @conftest.lst >&5
ar: conftest.o: No such file or directory
configure:5948: $? = 1
configure:5960: result: @
configure:6018: checking for strip
configure:6034: found /bin/strip
configure:6045: result: strip
configure:6117: checking for ranlib
configure:6133: found /bin/ranlib
configure:6144: result: ranlib
configure:6246: checking command to parse /bin/nm -B output from gcc object
configure:6366: gcc -c   conftest.c >&5
configure:6369: $? = 0
configure:6373: /bin/nm -B conftest.o \| sed -n -e 's/^.*[ ]\([ABCDGIRSTW][ABCDGIRSTW]*\)[ ][ ]*\([_A-Za-z][_A-Za-z0-9]*\)$/\1 \2 \2/p' | sed '/ __gnu_lto/d' \> conftest.nm
configure:6376: $? = 0
configure:6442: gcc -o conftest    conftest.c conftstm.o >&5
configure:6445: $? = 0
configure:6483: result: ok
configure:6520: checking for sysroot
configure:6550: result: no
configure:6627: gcc -c   conftest.c >&5
configure:6630: $? = 0
configure:6806: checking for mt
configure:6836: result: no
configure:6856: checking if : is a manifest tool
configure:6862: : '-?'
configure:6870: result: no
configure:7512: checking how to run the C preprocessor
configure:7543: gcc -E  conftest.c
configure:7543: $? = 0
configure:7557: gcc -E  conftest.c
conftest.c:11:10: fatal error: ac_nonexistent.h: No such file or directory
 #include <ac_nonexistent.h>
          ^~~~~~~~~~~~~~~~~~
compilation terminated.
configure:7557: $? = 1
configure: failed program was:
| /* confdefs.h */
| #define PACKAGE_NAME "mediainfo"
| #define PACKAGE_TARNAME "mediainfo"
| #define PACKAGE_VERSION "20.09"
| #define PACKAGE_STRING "mediainfo 20.09"
| #define PACKAGE_BUGREPORT ""
| #define PACKAGE_URL ""
| #define PACKAGE "mediainfo"
| #define VERSION "20.09"
| /* end confdefs.h.  */
| #include <ac_nonexistent.h>
configure:7582: result: gcc -E
configure:7602: gcc -E  conftest.c
configure:7602: $? = 0
configure:7616: gcc -E  conftest.c
conftest.c:11:10: fatal error: ac_nonexistent.h: No such file or directory
 #include <ac_nonexistent.h>
          ^~~~~~~~~~~~~~~~~~
compilation terminated.
configure:7616: $? = 1
configure: failed program was:
| /* confdefs.h */
| #define PACKAGE_NAME "mediainfo"
| #define PACKAGE_TARNAME "mediainfo"
| #define PACKAGE_VERSION "20.09"
| #define PACKAGE_STRING "mediainfo 20.09"
| #define PACKAGE_BUGREPORT ""
| #define PACKAGE_URL ""
| #define PACKAGE "mediainfo"
| #define VERSION "20.09"
| /* end confdefs.h.  */
| #include <ac_nonexistent.h>
configure:7645: checking for ANSI C header files
configure:7665: gcc -c   conftest.c >&5
configure:7665: $? = 0
configure:7738: gcc -o conftest    conftest.c  >&5
configure:7738: $? = 0
configure:7738: ./conftest
configure:7738: $? = 0
configure:7749: result: yes
configure:7762: checking for sys/types.h
configure:7762: gcc -c   conftest.c >&5
configure:7762: $? = 0
configure:7762: result: yes
configure:7762: checking for sys/stat.h
configure:7762: gcc -c   conftest.c >&5
configure:7762: $? = 0
configure:7762: result: yes
configure:7762: checking for stdlib.h
configure:7762: gcc -c   conftest.c >&5
configure:7762: $? = 0
configure:7762: result: yes
configure:7762: checking for string.h
configure:7762: gcc -c   conftest.c >&5
configure:7762: $? = 0
configure:7762: result: yes
configure:7762: checking for memory.h
configure:7762: gcc -c   conftest.c >&5
configure:7762: $? = 0
configure:7762: result: yes
configure:7762: checking for strings.h
configure:7762: gcc -c   conftest.c >&5
configure:7762: $? = 0
configure:7762: result: yes
configure:7762: checking for inttypes.h
configure:7762: gcc -c   conftest.c >&5
configure:7762: $? = 0
configure:7762: result: yes
configure:7762: checking for stdint.h
configure:7762: gcc -c   conftest.c >&5
configure:7762: $? = 0
configure:7762: result: yes
configure:7762: checking for unistd.h
configure:7762: gcc -c   conftest.c >&5
configure:7762: $? = 0
configure:7762: result: yes
configure:7776: checking for dlfcn.h
configure:7776: gcc -c   conftest.c >&5
configure:7776: $? = 0
configure:7776: result: yes
configure:7993: checking for objdir
configure:8008: result: .libs
configure:8275: checking if gcc supports -fno-rtti -fno-exceptions
configure:8293: gcc -c   -fno-rtti -fno-exceptions conftest.c >&5
cc1: warning: command line option '-fno-rtti' is valid for C++/ObjC++ but not for C
configure:8297: $? = 0
configure:8310: result: no
configure:8637: checking for gcc option to produce PIC
configure:8644: result: -fPIC -DPIC
configure:8652: checking if gcc PIC flag -fPIC -DPIC works
configure:8670: gcc -c   -fPIC -DPIC -DPIC conftest.c >&5
configure:8674: $? = 0
configure:8687: result: yes
configure:8716: checking if gcc static flag -static works
configure:8744: result: no
configure:8759: checking if gcc supports -c -o file.o
configure:8780: gcc -c   -o out/conftest2.o conftest.c >&5
configure:8784: $? = 0
configure:8806: result: yes
configure:8814: checking if gcc supports -c -o file.o
configure:8861: result: yes
configure:8894: checking whether the gcc linker (/bin/ld -m elf_x86_64) supports shared libraries
configure:10047: result: yes
configure:10084: checking whether -lc should be explicitly linked in
configure:10092: gcc -c   conftest.c >&5
configure:10095: $? = 0
configure:10110: gcc -shared  -fPIC -DPIC conftest.o  -v -Wl,-soname -Wl,conftest -o conftest 2\>\&1 \| /bin/grep  -lc  \>/dev/null 2\>\&1
configure:10113: $? = 0
configure:10127: result: no
configure:10287: checking dynamic linker characteristics
configure:10798: gcc -o conftest    -Wl,-rpath -Wl,/foo conftest.c  >&5
configure:10798: $? = 0
configure:11024: result: GNU/Linux ld.so
configure:11131: checking how to hardcode library paths into programs
configure:11156: result: immediate
configure:11696: checking whether stripping libraries is possible
configure:11701: result: yes
configure:11736: checking if libtool supports shared libraries
configure:11738: result: yes
configure:11741: checking whether to build shared libraries
configure:11762: result: yes
configure:11765: checking whether to build static libraries
configure:11769: result: yes
configure:11792: checking how to run the C++ preprocessor
configure:11819: g++ -E  conftest.cpp
configure:11819: $? = 0
configure:11833: g++ -E  conftest.cpp
conftest.cpp:23:10: fatal error: ac_nonexistent.h: No such file or directory
 #include <ac_nonexistent.h>
          ^~~~~~~~~~~~~~~~~~
compilation terminated.
configure:11833: $? = 1
configure: failed program was:
| /* confdefs.h */
| #define PACKAGE_NAME "mediainfo"
| #define PACKAGE_TARNAME "mediainfo"
| #define PACKAGE_VERSION "20.09"
| #define PACKAGE_STRING "mediainfo 20.09"
| #define PACKAGE_BUGREPORT ""
| #define PACKAGE_URL ""
| #define PACKAGE "mediainfo"
| #define VERSION "20.09"
| #define STDC_HEADERS 1
| #define HAVE_SYS_TYPES_H 1
| #define HAVE_SYS_STAT_H 1
| #define HAVE_STDLIB_H 1
| #define HAVE_STRING_H 1
| #define HAVE_MEMORY_H 1
| #define HAVE_STRINGS_H 1
| #define HAVE_INTTYPES_H 1
| #define HAVE_STDINT_H 1
| #define HAVE_UNISTD_H 1
| #define HAVE_DLFCN_H 1
| #define LT_OBJDIR ".libs/"
| /* end confdefs.h.  */
| #include <ac_nonexistent.h>
configure:11858: result: g++ -E
configure:11878: g++ -E  conftest.cpp
configure:11878: $? = 0
configure:11892: g++ -E  conftest.cpp
conftest.cpp:23:10: fatal error: ac_nonexistent.h: No such file or directory
 #include <ac_nonexistent.h>
          ^~~~~~~~~~~~~~~~~~
compilation terminated.
configure:11892: $? = 1
configure: failed program was:
| /* confdefs.h */
| #define PACKAGE_NAME "mediainfo"
| #define PACKAGE_TARNAME "mediainfo"
| #define PACKAGE_VERSION "20.09"
| #define PACKAGE_STRING "mediainfo 20.09"
| #define PACKAGE_BUGREPORT ""
| #define PACKAGE_URL ""
| #define PACKAGE "mediainfo"
| #define VERSION "20.09"
| #define STDC_HEADERS 1
| #define HAVE_SYS_TYPES_H 1
| #define HAVE_SYS_STAT_H 1
| #define HAVE_STDLIB_H 1
| #define HAVE_STRING_H 1
| #define HAVE_MEMORY_H 1
| #define HAVE_STRINGS_H 1
| #define HAVE_INTTYPES_H 1
| #define HAVE_STDINT_H 1
| #define HAVE_UNISTD_H 1
| #define HAVE_DLFCN_H 1
| #define LT_OBJDIR ".libs/"
| /* end confdefs.h.  */
| #include <ac_nonexistent.h>
configure:12061: checking for ld used by g++
configure:12128: result: /bin/ld -m elf_x86_64
configure:12135: checking if the linker (/bin/ld -m elf_x86_64) is GNU ld
configure:12150: result: yes
configure:12205: checking whether the g++ linker (/bin/ld -m elf_x86_64) supports shared libraries
configure:13210: result: yes
configure:13246: g++ -c   conftest.cpp >&5
configure:13249: $? = 0
configure:13769: checking for g++ option to produce PIC
configure:13776: result: -fPIC -DPIC
configure:13784: checking if g++ PIC flag -fPIC -DPIC works
configure:13802: g++ -c   -fPIC -DPIC -DPIC conftest.cpp >&5
configure:13806: $? = 0
configure:13819: result: yes
configure:13842: checking if g++ static flag -static works
configure:13870: result: no
configure:13882: checking if g++ supports -c -o file.o
configure:13903: g++ -c   -o out/conftest2.o conftest.cpp >&5
configure:13907: $? = 0
configure:13929: result: yes
configure:13934: checking if g++ supports -c -o file.o
configure:13981: result: yes
configure:14011: checking whether the g++ linker (/bin/ld -m elf_x86_64) supports shared libraries
configure:14047: result: yes
configure:14188: checking dynamic linker characteristics
configure:14859: result: GNU/Linux ld.so
configure:14912: checking how to hardcode library paths into programs
configure:14937: result: immediate
configure:15145: g++ -c   conftest.cpp >&5
configure:15145: $? = 0
configure:15459: checking that generated files are newer than configure
configure:15465: result: done
configure:15492: creating ./config.status

## ---------------------- ##
## Running config.status. ##
## ---------------------- ##

This file was extended by mediainfo config.status 20.09, which was
generated by GNU Autoconf 2.69.  Invocation command line was

  CONFIG_FILES    = 
  CONFIG_HEADERS  = 
  CONFIG_LINKS    = 
  CONFIG_COMMANDS = 
  $ ./config.status 

on ip-10-0-0-64.ec2.internal

config.status:1067: creating Makefile
config.status:1239: executing depfiles commands
config.status:1239: executing libtool commands
configure:17790: WARNING: unrecognized options: --with-libcurl

## ---------------- ##
## Cache variables. ##
## ---------------- ##

ac_cv_build=x86_64-unknown-linux-gnu
ac_cv_c_compiler_gnu=yes
ac_cv_cxx_compiler_gnu=yes
ac_cv_env_CCC_set=
ac_cv_env_CCC_value=
ac_cv_env_CC_set=
ac_cv_env_CC_value=
ac_cv_env_CFLAGS_set=
ac_cv_env_CFLAGS_value=
ac_cv_env_CPPFLAGS_set=
ac_cv_env_CPPFLAGS_value=
ac_cv_env_CPP_set=
ac_cv_env_CPP_value=
ac_cv_env_CXXCPP_set=
ac_cv_env_CXXCPP_value=
ac_cv_env_CXXFLAGS_set=
ac_cv_env_CXXFLAGS_value=
ac_cv_env_CXX_set=
ac_cv_env_CXX_value=
ac_cv_env_LDFLAGS_set=
ac_cv_env_LDFLAGS_value=
ac_cv_env_LIBS_set=
ac_cv_env_LIBS_value=
ac_cv_env_build_alias_set=
ac_cv_env_build_alias_value=
ac_cv_env_host_alias_set=
ac_cv_env_host_alias_value=
ac_cv_env_target_alias_set=
ac_cv_env_target_alias_value=
ac_cv_header_dlfcn_h=yes
ac_cv_header_inttypes_h=yes
ac_cv_header_memory_h=yes
ac_cv_header_stdc=yes
ac_cv_header_stdint_h=yes
ac_cv_header_stdlib_h=yes
ac_cv_header_string_h=yes
ac_cv_header_strings_h=yes
ac_cv_header_sys_stat_h=yes
ac_cv_header_sys_types_h=yes
ac_cv_header_unistd_h=yes
ac_cv_host=x86_64-unknown-linux-gnu
ac_cv_objext=o
ac_cv_path_EGREP='/bin/grep -E'
ac_cv_path_FGREP='/bin/grep -F'
ac_cv_path_GREP=/bin/grep
ac_cv_path_SED=/bin/sed
ac_cv_path_install='/bin/install -c'
ac_cv_path_mkdir=/bin/mkdir
ac_cv_prog_AWK=gawk
ac_cv_prog_CPP='gcc -E'
ac_cv_prog_CXXCPP='g++ -E'
ac_cv_prog_ac_ct_AR=ar
ac_cv_prog_ac_ct_CC=gcc
ac_cv_prog_ac_ct_CXX=g++
ac_cv_prog_ac_ct_OBJDUMP=objdump
ac_cv_prog_ac_ct_RANLIB=ranlib
ac_cv_prog_ac_ct_STRIP=strip
ac_cv_prog_cc_c89=
ac_cv_prog_cc_g=yes
ac_cv_prog_cxx_g=yes
ac_cv_prog_make_make_set=yes
am_cv_CC_dependencies_compiler_type=gcc3
am_cv_CXX_dependencies_compiler_type=gcc3
am_cv_make_support_nested_variables=yes
lt_cv_ar_at_file=@
lt_cv_archive_cmds_need_lc=no
lt_cv_deplibs_check_method=pass_all
lt_cv_file_magic_cmd='$MAGIC_CMD'
lt_cv_file_magic_test_file=
lt_cv_ld_reload_flag=-r
lt_cv_nm_interface='BSD nm'
lt_cv_objdir=.libs
lt_cv_path_LD=/bin/ld
lt_cv_path_LDCXX='/bin/ld -m elf_x86_64'
lt_cv_path_NM='/bin/nm -B'
lt_cv_path_mainfest_tool=no
lt_cv_prog_compiler_c_o=yes
lt_cv_prog_compiler_c_o_CXX=yes
lt_cv_prog_compiler_pic='-fPIC -DPIC'
lt_cv_prog_compiler_pic_CXX='-fPIC -DPIC'
lt_cv_prog_compiler_pic_works=yes
lt_cv_prog_compiler_pic_works_CXX=yes
lt_cv_prog_compiler_rtti_exceptions=no
lt_cv_prog_compiler_static_works=no
lt_cv_prog_compiler_static_works_CXX=no
lt_cv_prog_gnu_ld=yes
lt_cv_prog_gnu_ldcxx=yes
lt_cv_sharedlib_from_linklib_cmd='printf %s\n'
lt_cv_shlibpath_overrides_runpath=no
lt_cv_sys_global_symbol_pipe='sed -n -e '\''s/^.*[	 ]\([ABCDGIRSTW][ABCDGIRSTW]*\)[	 ][	 ]*\([_A-Za-z][_A-Za-z0-9]*\)$/\1 \2 \2/p'\'' | sed '\''/ __gnu_lto/d'\'''
lt_cv_sys_global_symbol_to_c_name_address='sed -n -e '\''s/^: \([^ ]*\)[ ]*$/  {\"\1\", (void *) 0},/p'\'' -e '\''s/^[ABCDGIRSTW]* \([^ ]*\) \([^ ]*\)$/  {"\2", (void *) \&\2},/p'\'''
lt_cv_sys_global_symbol_to_c_name_address_lib_prefix='sed -n -e '\''s/^: \([^ ]*\)[ ]*$/  {\"\1\", (void *) 0},/p'\'' -e '\''s/^[ABCDGIRSTW]* \([^ ]*\) \(lib[^ ]*\)$/  {"\2", (void *) \&\2},/p'\'' -e '\''s/^[ABCDGIRSTW]* \([^ ]*\) \([^ ]*\)$/  {"lib\2", (void *) \&\2},/p'\'''
lt_cv_sys_global_symbol_to_cdecl='sed -n -e '\''s/^T .* \(.*\)$/extern int \1();/p'\'' -e '\''s/^[ABCDGIRSTW]* .* \(.*\)$/extern char \1;/p'\'''
lt_cv_sys_max_cmd_len=1572864
lt_cv_to_host_file_cmd=func_convert_file_noop
lt_cv_to_tool_file_cmd=func_convert_file_noop

## ----------------- ##
## Output variables. ##
## ----------------- ##

ACLOCAL='${SHELL} /home/ssm-user/mediainfo-python/source/mediainfo/MediaInfo_CLI_GNU_FromSource/MediaInfo/Project/GNU/CLI/missing aclocal-1.13'
AMDEPBACKSLASH='\'
AMDEP_FALSE='#'
AMDEP_TRUE=''
AMTAR='$${TAR-tar}'
AM_BACKSLASH='\'
AM_DEFAULT_V='$(AM_DEFAULT_VERBOSITY)'
AM_DEFAULT_VERBOSITY='1'
AM_V='$(V)'
AR='ar'
AUTOCONF='${SHELL} /home/ssm-user/mediainfo-python/source/mediainfo/MediaInfo_CLI_GNU_FromSource/MediaInfo/Project/GNU/CLI/missing autoconf'
AUTOHEADER='${SHELL} /home/ssm-user/mediainfo-python/source/mediainfo/MediaInfo_CLI_GNU_FromSource/MediaInfo/Project/GNU/CLI/missing autoheader'
AUTOMAKE='${SHELL} /home/ssm-user/mediainfo-python/source/mediainfo/MediaInfo_CLI_GNU_FromSource/MediaInfo/Project/GNU/CLI/missing automake-1.13'
AWK='gawk'
CC='gcc'
CCDEPMODE='depmode=gcc3'
CFLAGS=' -O2'
CPP='gcc -E'
CPPFLAGS=''
CXX='g++'
CXXCPP='g++ -E'
CXXDEPMODE='depmode=gcc3'
CXXFLAGS=' -O2 -DUNICODE -DUNICODE -DSIZE_T_IS_LONG'
CYGPATH_W='echo'
DEFS='-DPACKAGE_NAME=\"mediainfo\" -DPACKAGE_TARNAME=\"mediainfo\" -DPACKAGE_VERSION=\"20.09\" -DPACKAGE_STRING=\"mediainfo\ 20.09\" -DPACKAGE_BUGREPORT=\"\" -DPACKAGE_URL=\"\" -DPACKAGE=\"mediainfo\" -DVERSION=\"20.09\" -DSTDC_HEADERS=1 -DHAVE_SYS_TYPES_H=1 -DHAVE_SYS_STAT_H=1 -DHAVE_STDLIB_H=1 -DHAVE_STRING_H=1 -DHAVE_MEMORY_H=1 -DHAVE_STRINGS_H=1 -DHAVE_INTTYPES_H=1 -DHAVE_STDINT_H=1 -DHAVE_UNISTD_H=1 -DHAVE_DLFCN_H=1 -DLT_OBJDIR=\".libs/\" -DUNICODE=1'
DEPDIR='.deps'
DLLTOOL='false'
DSYMUTIL=''
DUMPBIN=''
ECHO_C=''
ECHO_N='-n'
ECHO_T=''
EGREP='/bin/grep -E'
EXEEXT=''
FGREP='/bin/grep -F'
GREP='/bin/grep'
INSTALL_DATA='${INSTALL} -m 644'
INSTALL_PROGRAM='${INSTALL}'
INSTALL_SCRIPT='${INSTALL}'
INSTALL_STRIP_PROGRAM='$(install_sh) -c -s'
LD='/bin/ld -m elf_x86_64'
LDFLAGS=''
LIBOBJS=''
LIBS=' /home/ssm-user/mediainfo-python/source/mediainfo/MediaInfo_CLI_GNU_FromSource/MediaInfoLib/Project/GNU/Library/.libs/libmediainfo.a -lz -lcurl /home/ssm-user/mediainfo-python/source/mediainfo/MediaInfo_CLI_GNU_FromSource/ZenLib/Project/GNU/Library/.libs/libzen.a -lpthread -lstdc++'
LIBTOOL='$(SHELL) $(top_builddir)/libtool'
LIPO=''
LN_S='ln -s'
LTLIBOBJS=''
MAKEINFO='${SHELL} /home/ssm-user/mediainfo-python/source/mediainfo/MediaInfo_CLI_GNU_FromSource/MediaInfo/Project/GNU/CLI/missing makeinfo'
MANIFEST_TOOL=':'
MKDIR_P='/bin/mkdir -p'
NM='/bin/nm -B'
NMEDIT=''
OBJDUMP='objdump'
OBJEXT='o'
OTOOL64=''
OTOOL=''
PACKAGE='mediainfo'
PACKAGE_BUGREPORT=''
PACKAGE_NAME='mediainfo'
PACKAGE_STRING='mediainfo 20.09'
PACKAGE_TARNAME='mediainfo'
PACKAGE_URL=''
PACKAGE_VERSION='20.09'
PATH_SEPARATOR=':'
RANLIB='ranlib'
SED='/bin/sed'
SET_MAKE=''
SHELL='/bin/sh'
STRIP='strip'
VERSION='20.09'
ac_ct_AR='ar'
ac_ct_CC='gcc'
ac_ct_CXX='g++'
ac_ct_DUMPBIN=''
am__EXEEXT_FALSE=''
am__EXEEXT_TRUE='#'
am__fastdepCC_FALSE='#'
am__fastdepCC_TRUE=''
am__fastdepCXX_FALSE='#'
am__fastdepCXX_TRUE=''
am__include='include'
am__isrc=''
am__leading_dot='.'
am__nodep='_no'
am__quote=''
am__tar='$${TAR-tar} chof - "$$tardir"'
am__untar='$${TAR-tar} xf -'
bindir='${exec_prefix}/bin'
build='x86_64-unknown-linux-gnu'
build_alias=''
build_cpu='x86_64'
build_os='linux-gnu'
build_vendor='unknown'
datadir='${datarootdir}'
datarootdir='${prefix}/share'
docdir='${datarootdir}/doc/${PACKAGE_TARNAME}'
dvidir='${docdir}'
exec_prefix='${prefix}'
host='x86_64-unknown-linux-gnu'
host_alias=''
host_cpu='x86_64'
host_os='linux-gnu'
host_vendor='unknown'
htmldir='${docdir}'
includedir='${prefix}/include'
infodir='${datarootdir}/info'
install_sh='${SHELL} /home/ssm-user/mediainfo-python/source/mediainfo/MediaInfo_CLI_GNU_FromSource/MediaInfo/Project/GNU/CLI/install-sh'
libdir='${exec_prefix}/lib'
libexecdir='${exec_prefix}/libexec'
localedir='${datarootdir}/locale'
localstatedir='${prefix}/var'
mandir='${datarootdir}/man'
mkdir_p='$(MKDIR_P)'
oldincludedir='/usr/include'
pdfdir='${docdir}'
prefix='/usr/local'
program_transform_name='s,x,x,'
psdir='${docdir}'
sbindir='${exec_prefix}/sbin'
sharedstatedir='${prefix}/com'
sysconfdir='${prefix}/etc'
target_alias=''

## ----------- ##
## confdefs.h. ##
## ----------- ##

/* confdefs.h */
#define PACKAGE_NAME "mediainfo"
#define PACKAGE_TARNAME "mediainfo"
#define PACKAGE_VERSION "20.09"
#define PACKAGE_STRING "mediainfo 20.09"
#define PACKAGE_BUGREPORT ""
#define PACKAGE_URL ""
#define PACKAGE "mediainfo"
#define VERSION "20.09"
#define STDC_HEADERS 1
#define HAVE_SYS_TYPES_H 1
#define HAVE_SYS_STAT_H 1
#define HAVE_STDLIB_H 1
#define HAVE_STRING_H 1
#define HAVE_MEMORY_H 1
#define HAVE_STRINGS_H 1
#define HAVE_INTTYPES_H 1
#define HAVE_STDINT_H 1
#define HAVE_UNISTD_H 1
#define HAVE_DLFCN_H 1
#define LT_OBJDIR ".libs/"
#define UNICODE 1

configure: exit 0
